1979 01 1 [18.23162997]
1979 01 300 [13.75778103]
1979 01 700 [10.20224528]
1979 01 2000 [5.86671518]
1979 01 6000 [3.56226194]
1979 02 1 [18.36528167]
1979 02 300 [13.78040479]
1979 02 700 [10.20950559]
1979 02 2000 [5.86947033]
1979 02 6000 [3.56359693]
1979 03 1 [18.37375154]
1979 03 300 [13.79300817]
1979 03 700 [10.21230188]
1979 03 2000 [5.87033388]
1979 03 6000 [3.56403709]
1979 04 1 [18.29795088]
1979 04 300 [13.79698422]
1979 04 700 [10.21266335]
1979 04 2000 [5.87028928]
1979 04 6000 [3.56407964]
1979 05 1 [18.12911907]
1979 05 300 [13.76679604]
1979 05 700 [10.1996527]
1979 05 2000 [5.86552687]
1979 05 6000 [3.56185659]
1979 06 1 [18.10615764]
1979 06 300 [13.73261561]
1979 06 700 [10.18617686]
1979 06 2000 [5.86076614]
1979 06 6000 [3.55961422]
1979 07 1 [18.11353459]
1979 07 300 [13.68103579]
1979 07 700 [10.16547926]
1979 07 2000 [5.85332258]
1979 07 6000 [3.55605467]
1979 08 1 [18.17697161]
1979 08 300 [13.658822]
1979 08 700 [10.15724755]
1979 08 2000 [5.85012835]
1979 08 6000 [3.55451566]
1979 09 1 [18.14082425]
1979 09 300 [13.65942229]
1979 09 700 [10.15792746]
1979 09 2000 [5.85013966]
1979 09 6000 [3.55453617]
1979 10 1 [17.99386587]
1979 10 300 [13.66935178]
1979 10 700 [10.16180947]
1979 10 2000 [5.85156437]
1979 10 6000 [3.55525688]
1979 11 1 [17.97988973]
1979 11 300 [13.69673658]
1979 11 700 [10.17385147]
1979 11 2000 [5.85587515]
1979 11 6000 [3.55737368]
1979 12 1 [18.10394165]
1979 12 300 [13.72337482]
1979 12 700 [10.18458348]
1979 12 2000 [5.85983723]
1979 12 6000 [3.5592824]
1980 01 1 [18.32867199]
1980 01 300 [13.75665544]
1980 01 700 [10.19658076]
1980 01 2000 [5.86416246]
1980 01 6000 [3.56134359]
1980 02 1 [18.45993425]
1980 02 300 [13.78617022]
1980 02 700 [10.20632252]
1980 02 2000 [5.86759039]
1980 02 6000 [3.56297375]
1980 03 1 [18.46518844]
1980 03 300 [13.80834154]
1980 03 700 [10.21511273]
1980 03 2000 [5.87078379]
1980 03 6000 [3.56449726]
1980 04 1 [18.3657154]
1980 04 300 [13.81254862]
1980 04 700 [10.21722541]
1980 04 2000 [5.87141695]
1980 04 6000 [3.56479677]
1980 05 1 [18.2045619]
1980 05 300 [13.78640656]
1980 05 700 [10.20716767]
1980 05 2000 [5.86747573]
1980 05 6000 [3.56294874]
1980 06 1 [18.12683524]
1980 06 300 [13.74161918]
1980 06 700 [10.19037457]
1980 06 2000 [5.86127896]
1980 06 6000 [3.56001995]
1980 07 1 [18.12831531]
1980 07 300 [13.6830814]
1980 07 700 [10.16706731]
1980 07 2000 [5.85277234]
1980 07 6000 [3.55594624]
1980 08 1 [18.14219739]
1980 08 300 [13.6460206]
1980 08 700 [10.15303191]
1980 08 2000 [5.8475998]
1980 08 6000 [3.55345413]
1980 09 1 [18.04647557]
1980 09 300 [13.64584798]
1980 09 700 [10.15372529]
1980 09 2000 [5.8479157]
1980 09 6000 [3.55361537]
1980 10 1 [17.88678792]
1980 10 300 [13.667183]
1980 10 700 [10.16324723]
1980 10 2000 [5.85141686]
1980 10 6000 [3.5553251]
1980 11 1 [17.84278328]
1980 11 300 [13.69223191]
1980 11 700 [10.17497416]
1980 11 2000 [5.85570982]
1980 11 6000 [3.55740892]
1980 12 1 [17.97503598]
1980 12 300 [13.72251771]
1980 12 700 [10.18826781]
1980 12 2000 [5.86059089]
1980 12 6000 [3.55976895]
1981 01 1 [18.13743922]
1981 01 300 [13.74300714]
1981 01 700 [10.19563965]
1981 01 2000 [5.86324713]
1981 01 6000 [3.56104501]
1981 02 1 [18.25276656]
1981 02 300 [13.76716566]
1981 02 700 [10.20448071]
1981 02 2000 [5.86647085]
1981 02 6000 [3.56260028]
1981 03 1 [18.3260638]
1981 03 300 [13.79935583]
1981 03 700 [10.21655131]
1981 03 2000 [5.87042288]
1981 03 6000 [3.56451569]
1981 04 1 [18.2589077]
1981 04 300 [13.81236828]
1981 04 700 [10.22265304]
1981 04 2000 [5.87228191]
1981 04 6000 [3.56540772]
1981 05 1 [18.17342623]
1981 05 300 [13.8034079]
1981 05 700 [10.21949012]
1981 05 2000 [5.87082105]
1981 05 6000 [3.56474986]
1981 06 1 [18.10716506]
1981 06 300 [13.76198382]
1981 06 700 [10.20307965]
1981 06 2000 [5.86427288]
1981 06 6000 [3.56163451]
1981 07 1 [18.10531415]
1981 07 300 [13.70866747]
1981 07 700 [10.18176415]
1981 07 2000 [5.85597224]
1981 07 6000 [3.55762344]
1981 08 1 [18.11358934]
1981 08 300 [13.67041217]
1981 08 700 [10.16613238]
1981 08 2000 [5.8499926]
1981 08 6000 [3.55471007]
1981 09 1 [18.05341756]
1981 09 300 [13.67878718]
1981 09 700 [10.17091471]
1981 09 2000 [5.85149491]
1981 09 6000 [3.55543829]
1981 10 1 [17.94911335]
1981 10 300 [13.71255052]
1981 10 700 [10.18655437]
1981 10 2000 [5.85720691]
1981 10 6000 [3.55820368]
1981 11 1 [17.83834014]
1981 11 300 [13.72804682]
1981 11 700 [10.19338965]
1981 11 2000 [5.85976956]
1981 11 6000 [3.5594755]
1981 12 1 [17.90360524]
1981 12 300 [13.74157394]
1981 12 700 [10.19915581]
1981 12 2000 [5.86184714]
1981 12 6000 [3.56050026]
1982 01 1 [18.15772995]
1982 01 300 [13.76589176]
1982 01 700 [10.20927865]
1982 01 2000 [5.86556721]
1982 01 6000 [3.56230456]
1982 02 1 [18.28398922]
1982 02 300 [13.78069691]
1982 02 700 [10.21445392]
1982 02 2000 [5.86750201]
1982 02 6000 [3.56322227]
1982 03 1 [18.33476272]
1982 03 300 [13.80881012]
1982 03 700 [10.22506191]
1982 03 2000 [5.87116667]
1982 03 6000 [3.56501217]
1982 04 1 [18.2877532]
1982 04 300 [13.82089746]
1982 04 700 [10.22968418]
1982 04 2000 [5.8725798]
1982 04 6000 [3.56573869]
1982 05 1 [18.15811477]
1982 05 300 [13.79939304]
1982 05 700 [10.22080752]
1982 05 2000 [5.86891243]
1982 05 6000 [3.56398855]
1982 06 1 [18.04484374]
1982 06 300 [13.74878652]
1982 06 700 [10.200153]
1982 06 2000 [5.86115272]
1982 06 6000 [3.56024414]
1982 07 1 [18.0341619]
1982 07 300 [13.69244891]
1982 07 700 [10.17713488]
1982 07 2000 [5.85257898]
1982 07 6000 [3.5560809]
1982 08 1 [18.07721107]
1982 08 300 [13.65409296]
1982 08 700 [10.16127593]
1982 08 2000 [5.84689908]
1982 08 6000 [3.55333968]
1982 09 1 [18.035088]
1982 09 300 [13.65269424]
1982 09 700 [10.16084843]
1982 09 2000 [5.84677604]
1982 09 6000 [3.55331819]
1982 10 1 [17.95421375]
1982 10 300 [13.67164277]
1982 10 700 [10.16946478]
1982 10 2000 [5.84972789]
1982 10 6000 [3.55480121]
1982 11 1 [17.92360824]
1982 11 300 [13.68724514]
1982 11 700 [10.17689779]
1982 11 2000 [5.85214694]
1982 11 6000 [3.55598394]
1982 12 1 [18.0925401]
1982 12 300 [13.70066357]
1982 12 700 [10.18186196]
1982 12 2000 [5.85383123]
1982 12 6000 [3.55677324]
1983 01 1 [18.34607262]
1983 01 300 [13.71848009]
1983 01 700 [10.18546661]
1983 01 2000 [5.8549853]
1983 01 6000 [3.55728021]
1983 02 1 [18.50968954]
1983 02 300 [13.73801147]
1983 02 700 [10.19072709]
1983 02 2000 [5.85675385]
1983 02 6000 [3.55793696]
1983 03 1 [18.49539638]
1983 03 300 [13.75966048]
1983 03 700 [10.19755835]
1983 03 2000 [5.85907107]
1983 03 6000 [3.55893179]
1983 04 1 [18.40256588]
1983 04 300 [13.77791031]
1983 04 700 [10.20431379]
1983 04 2000 [5.86121416]
1983 04 6000 [3.55991364]
1983 05 1 [18.1991043]
1983 05 300 [13.74701526]
1983 05 700 [10.19144652]
1983 05 2000 [5.85634207]
1983 05 6000 [3.55757026]
1983 06 1 [18.12850407]
1983 06 300 [13.69861317]
1983 06 700 [10.17234845]
1983 06 2000 [5.84936092]
1983 06 6000 [3.55420099]
1983 07 1 [18.11226026]
1983 07 300 [13.63730745]
1983 07 700 [10.14765114]
1983 07 2000 [5.84023059]
1983 07 6000 [3.5497711]
1983 08 1 [18.13514394]
1983 08 300 [13.58989608]
1983 08 700 [10.128536]
1983 08 2000 [5.83314284]
1983 08 6000 [3.54636572]
1983 09 1 [18.07957091]
1983 09 300 [13.58458147]
1983 09 700 [10.12752293]
1983 09 2000 [5.83265114]
1983 09 6000 [3.54610987]
1983 10 1 [17.9107753]
1983 10 300 [13.59858682]
1983 10 700 [10.13458719]
1983 10 2000 [5.83520743]
1983 10 6000 [3.54730587]
1983 11 1 [17.84286517]
1983 11 300 [13.62178871]
1983 11 700 [10.14461627]
1983 11 2000 [5.83879664]
1983 11 6000 [3.54904328]
1983 12 1 [17.97621331]
1983 12 300 [13.65029999]
1983 12 700 [10.15626415]
1983 12 2000 [5.84311654]
1983 12 6000 [3.55113916]
1984 01 1 [18.20800433]
1984 01 300 [13.68802286]
1984 01 700 [10.17150375]
1984 01 2000 [5.84870001]
1984 01 6000 [3.55380839]
1984 02 1 [18.34859717]
1984 02 300 [13.70792184]
1984 02 700 [10.1795312]
1984 02 2000 [5.85157393]
1984 02 6000 [3.55514795]
1984 03 1 [18.30909459]
1984 03 300 [13.72022177]
1984 03 700 [10.18411728]
1984 03 2000 [5.85310145]
1984 03 6000 [3.55585055]
1984 04 1 [18.22632199]
1984 04 300 [13.73043034]
1984 04 700 [10.1887725]
1984 04 2000 [5.85458683]
1984 04 6000 [3.55654553]
1984 05 1 [18.04069567]
1984 05 300 [13.70259241]
1984 05 700 [10.17703139]
1984 05 2000 [5.85017299]
1984 05 6000 [3.55439707]
1984 06 1 [17.91077321]
1984 06 300 [13.65226065]
1984 06 700 [10.15562449]
1984 06 2000 [5.84239763]
1984 06 6000 [3.55064201]
1984 07 1 [17.99777344]
1984 07 300 [13.6078935]
1984 07 700 [10.13733909]
1984 07 2000 [5.8358201]
1984 07 6000 [3.54744978]
1984 08 1 [18.081889]
1984 08 300 [13.58330991]
1984 08 700 [10.1268845]
1984 08 2000 [5.8317413]
1984 08 6000 [3.54545424]
1984 09 1 [18.09669458]
1984 09 300 [13.59851229]
1984 09 700 [10.1332793]
1984 09 2000 [5.83364923]
1984 09 6000 [3.54635426]
1984 10 1 [17.81714047]
1984 10 300 [13.59792686]
1984 10 700 [10.13272899]
1984 10 2000 [5.83299209]
1984 10 6000 [3.54601432]
1984 11 1 [17.72956002]
1984 11 300 [13.60785079]
1984 11 700 [10.13582938]
1984 11 2000 [5.83386898]
1984 11 6000 [3.54639638]
1984 12 1 [17.9449919]
1984 12 300 [13.64247983]
1984 12 700 [10.15097807]
1984 12 2000 [5.83936758]
1984 12 6000 [3.54897599]
1985 01 1 [18.08705703]
1985 01 300 [13.66682537]
1985 01 700 [10.16061984]
1985 01 2000 [5.84268808]
1985 01 6000 [3.55049747]
1985 02 1 [18.24109942]
1985 02 300 [13.69727793]
1985 02 700 [10.17268231]
1985 02 2000 [5.84698899]
1985 02 6000 [3.55252]
1985 03 1 [18.23817829]
1985 03 300 [13.711285]
1985 03 700 [10.17712705]
1985 03 2000 [5.84853687]
1985 03 6000 [3.55325716]
1985 04 1 [18.1831722]
1985 04 300 [13.72187638]
1985 04 700 [10.18152782]
1985 04 2000 [5.85005548]
1985 04 6000 [3.55401888]
1985 05 1 [18.04608611]
1985 05 300 [13.70625485]
1985 05 700 [10.17435445]
1985 05 2000 [5.84723414]
1985 05 6000 [3.55271081]
1985 06 1 [17.93515875]
1985 06 300 [13.66516392]
1985 06 700 [10.15792066]
1985 06 2000 [5.84084735]
1985 06 6000 [3.54960805]
1985 07 1 [17.98253414]
1985 07 300 [13.62235215]
1985 07 700 [10.13940248]
1985 07 2000 [5.83408028]
1985 07 6000 [3.54632599]
1985 08 1 [18.05130015]
1985 08 300 [13.6056805]
1985 08 700 [10.13411045]
1985 08 2000 [5.83214192]
1985 08 6000 [3.54535575]
1985 09 1 [17.98294387]
1985 09 300 [13.60776387]
1985 09 700 [10.13575987]
1985 09 2000 [5.83276349]
1985 09 6000 [3.54561918]
1985 10 1 [17.82645783]
1985 10 300 [13.61729841]
1985 10 700 [10.13941726]
1985 10 2000 [5.83418741]
1985 10 6000 [3.54632752]
1985 11 1 [17.75611945]
1985 11 300 [13.63140308]
1985 11 700 [10.14428375]
1985 11 2000 [5.83589317]
1985 11 6000 [3.54716428]
1985 12 1 [17.8378668]
1985 12 300 [13.65116288]
1985 12 700 [10.1527906]
1985 12 2000 [5.83893956]
1985 12 6000 [3.54864278]
1986 01 1 [18.01945972]
1986 01 300 [13.67599313]
1986 01 700 [10.16322353]
1986 01 2000 [5.84290102]
1986 01 6000 [3.5505149]
1986 02 1 [18.20203747]
1986 02 300 [13.70857334]
1986 02 700 [10.17512614]
1986 02 2000 [5.8471537]
1986 02 6000 [3.55250948]
1986 03 1 [18.28118439]
1986 03 300 [13.74221184]
1986 03 700 [10.18826519]
1986 03 2000 [5.85176579]
1986 03 6000 [3.55469339]
1986 04 1 [18.20728177]
1986 04 300 [13.74633696]
1986 04 700 [10.18916538]
1986 04 2000 [5.85198639]
1986 04 6000 [3.55481083]
1986 05 1 [18.09668593]
1986 05 300 [13.72438785]
1986 05 700 [10.17914934]
1986 05 2000 [5.84813655]
1986 05 6000 [3.55302986]
1986 06 1 [17.99335042]
1986 06 300 [13.68737845]
1986 06 700 [10.16361294]
1986 06 2000 [5.84223995]
1986 06 6000 [3.55015922]
1986 07 1 [18.02253504]
1986 07 300 [13.64419846]
1986 07 700 [10.14545579]
1986 07 2000 [5.83528462]
1986 07 6000 [3.54674488]
1986 08 1 [18.07440706]
1986 08 300 [13.61486195]
1986 08 700 [10.13273734]
1986 08 2000 [5.83045242]
1986 08 6000 [3.54439106]
1986 09 1 [18.05448366]
1986 09 300 [13.62056912]
1986 09 700 [10.13463398]
1986 09 2000 [5.83068838]
1986 09 6000 [3.54448847]
1986 10 1 [17.94526464]
1986 10 300 [13.64823788]
1986 10 700 [10.14705898]
1986 10 2000 [5.83486614]
1986 10 6000 [3.54651382]
1986 11 1 [17.85811474]
1986 11 300 [13.66104432]
1986 11 700 [10.15270164]
1986 11 2000 [5.83675448]
1986 11 6000 [3.54744573]
1986 12 1 [17.94054658]
1986 12 300 [13.6738059]
1986 12 700 [10.15829596]
1986 12 2000 [5.83893941]
1986 12 6000 [3.54852098]
1987 01 1 [18.14091423]
1987 01 300 [13.68539217]
1987 01 700 [10.16310844]
1987 01 2000 [5.84093359]
1987 01 6000 [3.54953]
1987 02 1 [18.30221396]
1987 02 300 [13.70393941]
1987 02 700 [10.16982728]
1987 02 2000 [5.84320886]
1987 02 6000 [3.55060511]
1987 03 1 [18.41180187]
1987 03 300 [13.74251114]
1987 03 700 [10.18505315]
1987 03 2000 [5.84842486]
1987 03 6000 [3.55313256]
1987 04 1 [18.33131876]
1987 04 300 [13.75777313]
1987 04 700 [10.1912412]
1987 04 2000 [5.8502671]
1987 04 6000 [3.55399877]
1987 05 1 [18.22323742]
1987 05 300 [13.73791277]
1987 05 700 [10.18269692]
1987 05 2000 [5.84702471]
1987 05 6000 [3.55241854]
1987 06 1 [18.12798018]
1987 06 300 [13.69117874]
1987 06 700 [10.16315804]
1987 06 2000 [5.83980898]
1987 06 6000 [3.5489414]
1987 07 1 [18.17845002]
1987 07 300 [13.64178255]
1987 07 700 [10.14359916]
1987 07 2000 [5.83268132]
1987 07 6000 [3.54551308]
1987 08 1 [18.25671421]
1987 08 300 [13.61718789]
1987 08 700 [10.13563181]
1987 08 2000 [5.82979543]
1987 08 6000 [3.54416926]
1987 09 1 [18.24944806]
1987 09 300 [13.63436353]
1987 09 700 [10.14433617]
1987 09 2000 [5.83280784]
1987 09 6000 [3.54561321]
1987 10 1 [18.1091003]
1987 10 300 [13.65649376]
1987 10 700 [10.15446583]
1987 10 2000 [5.83637872]
1987 10 6000 [3.54735655]
1987 11 1 [18.0685902]
1987 11 300 [13.68149919]
1987 11 700 [10.16582049]
1987 11 2000 [5.84040456]
1987 11 6000 [3.54932036]
1987 12 1 [18.1144122]
1987 12 300 [13.69401487]
1987 12 700 [10.17156744]
1987 12 2000 [5.84250006]
1987 12 6000 [3.55020299]
1988 01 1 [18.30003789]
1988 01 300 [13.71354826]
1988 01 700 [10.17938524]
1988 01 2000 [5.84566032]
1988 01 6000 [3.55168187]
1988 02 1 [18.466436]
1988 02 300 [13.73818045]
1988 02 700 [10.18906833]
1988 02 2000 [5.84919228]
1988 02 6000 [3.55336517]
1988 03 1 [18.4507795]
1988 03 300 [13.75891442]
1988 03 700 [10.19595387]
1988 03 2000 [5.85154696]
1988 03 6000 [3.55451131]
1988 04 1 [18.34608473]
1988 04 300 [13.76004342]
1988 04 700 [10.19475998]
1988 04 2000 [5.85088412]
1988 04 6000 [3.55415251]
1988 05 1 [18.16987014]
1988 05 300 [13.7433671]
1988 05 700 [10.1875775]
1988 05 2000 [5.84835887]
1988 05 6000 [3.55292233]
1988 06 1 [18.06866636]
1988 06 300 [13.69909318]
1988 06 700 [10.1697732]
1988 06 2000 [5.84182911]
1988 06 6000 [3.54967221]
1988 07 1 [18.08953613]
1988 07 300 [13.64943338]
1988 07 700 [10.15039881]
1988 07 2000 [5.83499214]
1988 07 6000 [3.54630424]
1988 08 1 [18.16537492]
1988 08 300 [13.63684666]
1988 08 700 [10.14631817]
1988 08 2000 [5.83352854]
1988 08 6000 [3.54554877]
1988 09 1 [18.1039546]
1988 09 300 [13.65076225]
1988 09 700 [10.1540401]
1988 09 2000 [5.83624132]
1988 09 6000 [3.54675051]
1988 10 1 [17.88488679]
1988 10 300 [13.65546073]
1988 10 700 [10.15668049]
1988 10 2000 [5.8372101]
1988 10 6000 [3.54714337]
1988 11 1 [17.73109549]
1988 11 300 [13.6665095]
1988 11 700 [10.16183342]
1988 11 2000 [5.83940194]
1988 11 6000 [3.54818903]
1988 12 1 [17.82801128]
1988 12 300 [13.69333055]
1988 12 700 [10.17281866]
1988 12 2000 [5.84364582]
1988 12 6000 [3.55025033]
1989 01 1 [18.07457434]
1989 01 300 [13.71900718]
1989 01 700 [10.18326462]
1989 01 2000 [5.84765845]
1989 01 6000 [3.55216381]
1989 02 1 [18.25039507]
1989 02 300 [13.74796785]
1989 02 700 [10.19420422]
1989 02 2000 [5.85171112]
1989 02 6000 [3.55410424]
1989 03 1 [18.30769264]
1989 03 300 [13.77784498]
1989 03 700 [10.20514908]
1989 03 2000 [5.85545042]
1989 03 6000 [3.55589393]
1989 04 1 [18.22299507]
1989 04 300 [13.7899027]
1989 04 700 [10.20971726]
1989 04 2000 [5.8571764]
1989 04 6000 [3.55664049]
1989 05 1 [18.09469529]
1989 05 300 [13.77154282]
1989 05 700 [10.20200657]
1989 05 2000 [5.85453813]
1989 05 6000 [3.5553474]
1989 06 1 [17.99701858]
1989 06 300 [13.72307288]
1989 06 700 [10.18249249]
1989 06 2000 [5.84732943]
1989 06 6000 [3.55187739]
1989 07 1 [18.06388862]
1989 07 300 [13.67348304]
1989 07 700 [10.16249651]
1989 07 2000 [5.84015193]
1989 07 6000 [3.54843299]
1989 08 1 [18.13818626]
1989 08 300 [13.65306254]
1989 08 700 [10.15325047]
1989 08 2000 [5.83674873]
1989 08 6000 [3.54677671]
1989 09 1 [18.05745505]
1989 09 300 [13.65364685]
1989 09 700 [10.1533778]
1989 09 2000 [5.8368976]
1989 09 6000 [3.54680836]
1989 10 1 [17.89893594]
1989 10 300 [13.66415157]
1989 10 700 [10.15751103]
1989 10 2000 [5.83826125]
1989 10 6000 [3.54740712]
1989 11 1 [17.84985088]
1989 11 300 [13.68033024]
1989 11 700 [10.16284223]
1989 11 2000 [5.8401493]
1989 11 6000 [3.54830413]
1989 12 1 [17.95075646]
1989 12 300 [13.70885398]
1989 12 700 [10.17416753]
1989 12 2000 [5.8444745]
1989 12 6000 [3.55036551]
1990 01 1 [18.14915145]
1990 01 300 [13.72757692]
1990 01 700 [10.18158327]
1990 01 2000 [5.84741188]
1990 01 6000 [3.55173742]
1990 02 1 [18.36493653]
1990 02 300 [13.75609451]
1990 02 700 [10.19148619]
1990 02 2000 [5.85129102]
1990 02 6000 [3.55358332]
1990 03 1 [18.37252641]
1990 03 300 [13.78622379]
1990 03 700 [10.20148062]
1990 03 2000 [5.85478233]
1990 03 6000 [3.55522513]
1990 04 1 [18.34503863]
1990 04 300 [13.79493795]
1990 04 700 [10.20361956]
1990 04 2000 [5.85517866]
1990 04 6000 [3.55535797]
1990 05 1 [18.24276733]
1990 05 300 [13.77635366]
1990 05 700 [10.19542809]
1990 05 2000 [5.85185528]
1990 05 6000 [3.5536897]
1990 06 1 [18.11728583]
1990 06 300 [13.72518341]
1990 06 700 [10.17577258]
1990 06 2000 [5.84474073]
1990 06 6000 [3.55020889]
1990 07 1 [18.16642798]
1990 07 300 [13.67599572]
1990 07 700 [10.15675929]
1990 07 2000 [5.83787548]
1990 07 6000 [3.5468453]
1990 08 1 [18.24790434]
1990 08 300 [13.65105748]
1990 08 700 [10.14807935]
1990 08 2000 [5.83443738]
1990 08 6000 [3.54511385]
1990 09 1 [18.20931705]
1990 09 300 [13.66017584]
1990 09 700 [10.15303421]
1990 09 2000 [5.83616026]
1990 09 6000 [3.54591862]
1990 10 1 [18.08405801]
1990 10 300 [13.69061227]
1990 10 700 [10.16727694]
1990 10 2000 [5.84156411]
1990 10 6000 [3.54851884]
1990 11 1 [17.99924939]
1990 11 300 [13.71249431]
1990 11 700 [10.17688841]
1990 11 2000 [5.84522425]
1990 11 6000 [3.5502523]
1990 12 1 [18.10744527]
1990 12 300 [13.73441806]
1990 12 700 [10.18631483]
1990 12 2000 [5.84899544]
1990 12 6000 [3.55202989]
1991 01 1 [18.33205719]
1991 01 300 [13.75932757]
1991 01 700 [10.1971088]
1991 01 2000 [5.85336535]
1991 01 6000 [3.5540734]
1991 02 1 [18.47103474]
1991 02 300 [13.78801969]
1991 02 700 [10.20801371]
1991 02 2000 [5.85745815]
1991 02 6000 [3.55600325]
1991 03 1 [18.46054629]
1991 03 300 [13.80381312]
1991 03 700 [10.21458739]
1991 03 2000 [5.85997534]
1991 03 6000 [3.55715793]
1991 04 1 [18.40203792]
1991 04 300 [13.80960969]
1991 04 700 [10.21816237]
1991 04 2000 [5.86114708]
1991 04 6000 [3.55765535]
1991 05 1 [18.2653843]
1991 05 300 [13.79621139]
1991 05 700 [10.21390873]
1991 05 2000 [5.85949958]
1991 05 6000 [3.55686488]
1991 06 1 [18.2032179]
1991 06 300 [13.75390963]
1991 06 700 [10.19667431]
1991 06 2000 [5.85300116]
1991 06 6000 [3.55368743]
1991 07 1 [18.26221334]
1991 07 300 [13.71922713]
1991 07 700 [10.18416669]
1991 07 2000 [5.84844077]
1991 07 6000 [3.55143678]
1991 08 1 [18.22564092]
1991 08 300 [13.68313352]
1991 08 700 [10.17135851]
1991 08 2000 [5.84385766]
1991 08 6000 [3.54912971]
1991 09 1 [18.11109703]
1991 09 300 [13.67535861]
1991 09 700 [10.17052223]
1991 09 2000 [5.84356614]
1991 09 6000 [3.54894336]
1991 10 1 [17.94867492]
1991 10 300 [13.68811102]
1991 10 700 [10.17761]
1991 10 2000 [5.84612414]
1991 10 6000 [3.55014958]
1991 11 1 [17.88466561]
1991 11 300 [13.69924929]
1991 11 700 [10.18263631]
1991 11 2000 [5.84783117]
1991 11 6000 [3.55098673]
1991 12 1 [17.99390994]
1991 12 300 [13.71882743]
1991 12 700 [10.19204664]
1991 12 2000 [5.85151623]
1991 12 6000 [3.55272795]
1992 01 1 [18.20037532]
1992 01 300 [13.734645]
1992 01 700 [10.19818946]
1992 01 2000 [5.85385679]
1992 01 6000 [3.5537956]
1992 02 1 [18.37530619]
1992 02 300 [13.76272782]
1992 02 700 [10.2085134]
1992 02 2000 [5.85757007]
1992 02 6000 [3.55553652]
1992 03 1 [18.34388166]
1992 03 300 [13.77930285]
1992 03 700 [10.21263135]
1992 03 2000 [5.85900016]
1992 03 6000 [3.55617918]
1992 04 1 [18.29302782]
1992 04 300 [13.78875705]
1992 04 700 [10.21535897]
1992 04 2000 [5.85987391]
1992 04 6000 [3.55656691]
1992 05 1 [18.14635242]
1992 05 300 [13.76139416]
1992 05 700 [10.20281641]
1992 05 2000 [5.85522946]
1992 05 6000 [3.55429376]
1992 06 1 [18.06756176]
1992 06 300 [13.71909706]
1992 06 700 [10.18647863]
1992 06 2000 [5.84926777]
1992 06 6000 [3.5513762]
1992 07 1 [18.04216126]
1992 07 300 [13.66990644]
1992 07 700 [10.16835982]
1992 07 2000 [5.8429343]
1992 07 6000 [3.54824664]
1992 08 1 [18.07498587]
1992 08 300 [13.6373266]
1992 08 700 [10.1580448]
1992 08 2000 [5.83953213]
1992 08 6000 [3.54657987]
1992 09 1 [18.0016164]
1992 09 300 [13.6434319]
1992 09 700 [10.1630921]
1992 09 2000 [5.84129924]
1992 09 6000 [3.54744291]
1992 10 1 [17.83592941]
1992 10 300 [13.65652954]
1992 10 700 [10.1698268]
1992 10 2000 [5.84394389]
1992 10 6000 [3.54872712]
1992 11 1 [17.79090738]
1992 11 300 [13.67113403]
1992 11 700 [10.17687147]
1992 11 2000 [5.84673606]
1992 11 6000 [3.54999811]
1992 12 1 [17.91018399]
1992 12 300 [13.68559836]
1992 12 700 [10.18370953]
1992 12 2000 [5.84947348]
1992 12 6000 [3.55128459]
1993 01 1 [18.18992292]
1993 01 300 [13.70152716]
1993 01 700 [10.18920551]
1993 01 2000 [5.85183685]
1993 01 6000 [3.55238021]
1993 02 1 [18.32519939]
1993 02 300 [13.72609487]
1993 02 700 [10.19921177]
1993 02 2000 [5.85575222]
1993 02 6000 [3.55414764]
1993 03 1 [18.34200509]
1993 03 300 [13.75262082]
1993 03 700 [10.20993208]
1993 03 2000 [5.85966505]
1993 03 6000 [3.55595039]
1993 04 1 [18.26625181]
1993 04 300 [13.75913893]
1993 04 700 [10.21194304]
1993 04 2000 [5.86014865]
1993 04 6000 [3.55614026]
1993 05 1 [18.13389664]
1993 05 300 [13.73732136]
1993 05 700 [10.20359366]
1993 05 2000 [5.85705385]
1993 05 6000 [3.55462241]
1993 06 1 [18.03202431]
1993 06 300 [13.69480444]
1993 06 700 [10.18652203]
1993 06 2000 [5.85091784]
1993 06 6000 [3.55162989]
1993 07 1 [18.02795871]
1993 07 300 [13.64385534]
1993 07 700 [10.16674703]
1993 07 2000 [5.8442275]
1993 07 6000 [3.54841062]
1993 08 1 [18.08779124]
1993 08 300 [13.62347807]
1993 08 700 [10.15997245]
1993 08 2000 [5.8421523]
1993 08 6000 [3.54743361]
1993 09 1 [18.06246139]
1993 09 300 [13.63627695]
1993 09 700 [10.1666528]
1993 09 2000 [5.84475076]
1993 09 6000 [3.54868164]
1993 10 1 [17.9045224]
1993 10 300 [13.64726003]
1993 10 700 [10.17170638]
1993 10 2000 [5.84649551]
1993 10 6000 [3.54952552]
1993 11 1 [17.88600789]
1993 11 300 [13.6674629]
1993 11 700 [10.18165656]
1993 11 2000 [5.85020034]
1993 11 6000 [3.55131403]
1993 12 1 [17.95690103]
1993 12 300 [13.67932525]
1993 12 700 [10.188128]
1993 12 2000 [5.8527331]
1993 12 6000 [3.55251754]
1994 01 1 [18.17199876]
1994 01 300 [13.7080965]
1994 01 700 [10.20104054]
1994 01 2000 [5.85777056]
1994 01 6000 [3.55494186]
1994 02 1 [18.27125543]
1994 02 300 [13.73104323]
1994 02 700 [10.20984305]
1994 02 2000 [5.86127007]
1994 02 6000 [3.55662022]
1994 03 1 [18.31413885]
1994 03 300 [13.75282247]
1994 03 700 [10.21771308]
1994 03 2000 [5.86414891]
1994 03 6000 [3.55799484]
1994 04 1 [18.21268414]
1994 04 300 [13.75763033]
1994 04 700 [10.21968966]
1994 04 2000 [5.864926]
1994 04 6000 [3.55831709]
1994 05 1 [18.08430417]
1994 05 300 [13.73903452]
1994 05 700 [10.21271751]
1994 05 2000 [5.86244624]
1994 05 6000 [3.55706058]
1994 06 1 [17.98829009]
1994 06 300 [13.69697327]
1994 06 700 [10.19665885]
1994 06 2000 [5.85625634]
1994 06 6000 [3.55399443]
1994 07 1 [18.02799731]
1994 07 300 [13.64634148]
1994 07 700 [10.17707258]
1994 07 2000 [5.84933762]
1994 07 6000 [3.55058078]
1994 08 1 [18.1330337]
1994 08 300 [13.63372227]
1994 08 700 [10.17361782]
1994 08 2000 [5.84829733]
1994 08 6000 [3.550053]
1994 09 1 [18.07828721]
1994 09 300 [13.63487292]
1994 09 700 [10.17376153]
1994 09 2000 [5.84867951]
1994 09 6000 [3.55020738]
1994 10 1 [17.98404057]
1994 10 300 [13.65772505]
1994 10 700 [10.18264544]
1994 10 2000 [5.85194833]
1994 10 6000 [3.55173935]
1994 11 1 [17.91364271]
1994 11 300 [13.68049832]
1994 11 700 [10.19136157]
1994 11 2000 [5.8552417]
1994 11 6000 [3.55330367]
1994 12 1 [18.01213715]
1994 12 300 [13.69450033]
1994 12 700 [10.19750472]
1994 12 2000 [5.85776311]
1994 12 6000 [3.55445516]
1995 01 1 [18.2170239]
1995 01 300 [13.72277273]
1995 01 700 [10.20939665]
1995 01 2000 [5.86230857]
1995 01 6000 [3.55658268]
1995 02 1 [18.42258923]
1995 02 300 [13.75737405]
1995 02 700 [10.22180688]
1995 02 2000 [5.86695031]
1995 02 6000 [3.5588042]
1995 03 1 [18.44911197]
1995 03 300 [13.77711685]
1995 03 700 [10.22653634]
1995 03 2000 [5.86868944]
1995 03 6000 [3.55968629]
1995 04 1 [18.3345876]
1995 04 300 [13.78653172]
1995 04 700 [10.229262]
1995 04 2000 [5.86946887]
1995 04 6000 [3.56016862]
1995 05 1 [18.19989607]
1995 05 300 [13.76673579]
1995 05 700 [10.22038772]
1995 05 2000 [5.86611831]
1995 05 6000 [3.55859731]
1995 06 1 [18.13391605]
1995 06 300 [13.73099615]
1995 06 700 [10.20642368]
1995 06 2000 [5.86096499]
1995 06 6000 [3.55613753]
1995 07 1 [18.21628921]
1995 07 300 [13.69033191]
1995 07 700 [10.19157279]
1995 07 2000 [5.85561025]
1995 07 6000 [3.55354442]
1995 08 1 [18.23507011]
1995 08 300 [13.65548727]
1995 08 700 [10.17891179]
1995 08 2000 [5.85140148]
1995 08 6000 [3.55148336]
1995 09 1 [18.11324041]
1995 09 300 [13.64477177]
1995 09 700 [10.17596366]
1995 09 2000 [5.85045938]
1995 09 6000 [3.5510041]
1995 10 1 [17.96544612]
1995 10 300 [13.65047]
1995 10 700 [10.17837168]
1995 10 2000 [5.85151986]
1995 10 6000 [3.55155361]
1995 11 1 [17.88137694]
1995 11 300 [13.66890747]
1995 11 700 [10.18587603]
1995 11 2000 [5.8541259]
1995 11 6000 [3.55280713]
1995 12 1 [17.97786042]
1995 12 300 [13.69447185]
1995 12 700 [10.19668527]
1995 12 2000 [5.85831519]
1995 12 6000 [3.55483487]
1996 01 1 [18.17119793]
1996 01 300 [13.71940458]
1996 01 700 [10.206683]
1996 01 2000 [5.86215144]
1996 01 6000 [3.55668628]
1996 02 1 [18.31596753]
1996 02 300 [13.74384031]
1996 02 700 [10.2163805]
1996 02 2000 [5.86569068]
1996 02 6000 [3.55834372]
1996 03 1 [18.3208594]
1996 03 300 [13.76908024]
1996 03 700 [10.22612585]
1996 03 2000 [5.86921862]
1996 03 6000 [3.56000271]
1996 04 1 [18.23482405]
1996 04 300 [13.7823219]
1996 04 700 [10.23201716]
1996 04 2000 [5.8713525]
1996 04 6000 [3.56101196]
1996 05 1 [18.09673609]
1996 05 300 [13.75768176]
1996 05 700 [10.22136458]
1996 05 2000 [5.86755324]
1996 05 6000 [3.55917645]
1996 06 1 [18.07627566]
1996 06 300 [13.72211033]
1996 06 700 [10.20656767]
1996 06 2000 [5.86221387]
1996 06 6000 [3.55659615]
1996 07 1 [18.11673824]
1996 07 300 [13.68328202]
1996 07 700 [10.19124]
1996 07 2000 [5.85655218]
1996 07 6000 [3.55382442]
1996 08 1 [18.16909923]
1996 08 300 [13.65474236]
1996 08 700 [10.18006838]
1996 08 2000 [5.85241109]
1996 08 6000 [3.55177743]
1996 09 1 [18.09231661]
1996 09 300 [13.66324329]
1996 09 700 [10.18508252]
1996 09 2000 [5.8541629]
1996 09 6000 [3.55254484]
1996 10 1 [17.91796553]
1996 10 300 [13.67817641]
1996 10 700 [10.19134691]
1996 10 2000 [5.85642275]
1996 10 6000 [3.55361217]
1996 11 1 [17.85769185]
1996 11 300 [13.70170042]
1996 11 700 [10.20147659]
1996 11 2000 [5.86011923]
1996 11 6000 [3.5553873]
1996 12 1 [17.94364915]
1996 12 300 [13.71852377]
1996 12 700 [10.20932498]
1996 12 2000 [5.8627743]
1996 12 6000 [3.5566347]
1997 01 1 [18.15673264]
1997 01 300 [13.75139194]
1997 01 700 [10.22239709]
1997 01 2000 [5.86774443]
1997 01 6000 [3.55898806]
1997 02 1 [18.32756854]
1997 02 300 [13.77982465]
1997 02 700 [10.23419135]
1997 02 2000 [5.87224436]
1997 02 6000 [3.56112554]
1997 03 1 [18.39561197]
1997 03 300 [13.80698859]
1997 03 700 [10.24433425]
1997 03 2000 [5.87594438]
1997 03 6000 [3.56291801]
1997 04 1 [18.32516825]
1997 04 300 [13.81921133]
1997 04 700 [10.24902163]
1997 04 2000 [5.87738415]
1997 04 6000 [3.56363817]
1997 05 1 [18.24758575]
1997 05 300 [13.79490054]
1997 05 700 [10.23812516]
1997 05 2000 [5.87323036]
1997 05 6000 [3.56164133]
1997 06 1 [18.20445946]
1997 06 300 [13.74664247]
1997 06 700 [10.21602767]
1997 06 2000 [5.86504059]
1997 06 6000 [3.55771566]
1997 07 1 [18.29750276]
1997 07 300 [13.70524623]
1997 07 700 [10.19983548]
1997 07 2000 [5.85929838]
1997 07 6000 [3.55494266]
1997 08 1 [18.37320935]
1997 08 300 [13.68580903]
1997 08 700 [10.19367501]
1997 08 2000 [5.85727631]
1997 08 6000 [3.55399158]
1997 09 1 [18.34734545]
1997 09 300 [13.70027532]
1997 09 700 [10.20144432]
1997 09 2000 [5.86005244]
1997 09 6000 [3.55533921]
1997 10 1 [18.20616731]
1997 10 300 [13.71567396]
1997 10 700 [10.20915439]
1997 10 2000 [5.86284293]
1997 10 6000 [3.55668799]
1997 11 1 [18.1658643]
1997 11 300 [13.73349741]
1997 11 700 [10.21860376]
1997 11 2000 [5.86635682]
1997 11 6000 [3.55836784]
1997 12 1 [18.28780556]
1997 12 300 [13.75761248]
1997 12 700 [10.22964498]
1997 12 2000 [5.87041855]
1997 12 6000 [3.56026564]
1998 01 1 [18.46326175]
1998 01 300 [13.7791464]
1998 01 700 [10.2370342]
1998 01 2000 [5.87327716]
1998 01 6000 [3.56163561]
1998 02 1 [18.5986097]
1998 02 300 [13.80393633]
1998 02 700 [10.2451953]
1998 02 2000 [5.87630866]
1998 02 6000 [3.56309682]
1998 03 1 [18.62259442]
1998 03 300 [13.83008752]
1998 03 700 [10.25306533]
1998 03 2000 [5.87912178]
1998 03 6000 [3.56447272]
1998 04 1 [18.51726171]
1998 04 300 [13.83306553]
1998 04 700 [10.25245205]
1998 04 2000 [5.87892933]
1998 04 6000 [3.5644049]
1998 05 1 [18.40944028]
1998 05 300 [13.81147484]
1998 05 700 [10.2430801]
1998 05 2000 [5.87517734]
1998 05 6000 [3.56259055]
1998 06 1 [18.29824357]
1998 06 300 [13.76294762]
1998 06 700 [10.22291791]
1998 06 2000 [5.86739742]
1998 06 6000 [3.55883863]
1998 07 1 [18.33929342]
1998 07 300 [13.71680446]
1998 07 700 [10.20415725]
1998 07 2000 [5.86051785]
1998 07 6000 [3.55552981]
1998 08 1 [18.37605382]
1998 08 300 [13.68526066]
1998 08 700 [10.19241004]
1998 08 2000 [5.85630192]
1998 08 6000 [3.55347663]
1998 09 1 [18.25491596]
1998 09 300 [13.68892923]
1998 09 700 [10.19492714]
1998 09 2000 [5.85728489]
1998 09 6000 [3.55394965]
1998 10 1 [18.08965974]
1998 10 300 [13.69441826]
1998 10 700 [10.19971714]
1998 10 2000 [5.85923862]
1998 10 6000 [3.55489117]
1998 11 1 [18.00380619]
1998 11 300 [13.71057539]
1998 11 700 [10.20772315]
1998 11 2000 [5.86224547]
1998 11 6000 [3.55636993]
1998 12 1 [17.99639639]
1998 12 300 [13.72738006]
1998 12 700 [10.21565464]
1998 12 2000 [5.8654449]
1998 12 6000 [3.55794133]
1999 01 1 [18.1838217]
1999 01 300 [13.75054841]
1999 01 700 [10.22553272]
1999 01 2000 [5.86942102]
1999 01 6000 [3.55986513]
1999 02 1 [18.34607556]
1999 02 300 [13.77901439]
1999 02 700 [10.23606874]
1999 02 2000 [5.87334419]
1999 02 6000 [3.56176847]
1999 03 1 [18.40807885]
1999 03 300 [13.80694776]
1999 03 700 [10.24688652]
1999 03 2000 [5.87726741]
1999 03 6000 [3.56367362]
1999 04 1 [18.28016568]
1999 04 300 [13.80705121]
1999 04 700 [10.24588027]
1999 04 2000 [5.87693211]
1999 04 6000 [3.56352898]
1999 05 1 [18.14834231]
1999 05 300 [13.78915347]
1999 05 700 [10.23764548]
1999 05 2000 [5.87378564]
1999 05 6000 [3.56206091]
1999 06 1 [18.0704395]
1999 06 300 [13.75694042]
1999 06 700 [10.22374347]
1999 06 2000 [5.86868715]
1999 06 6000 [3.55961472]
1999 07 1 [18.11117353]
1999 07 300 [13.70720121]
1999 07 700 [10.2035971]
1999 07 2000 [5.86157871]
1999 07 6000 [3.55617301]
1999 08 1 [18.16911973]
1999 08 300 [13.68335924]
1999 08 700 [10.19474818]
1999 08 2000 [5.85854487]
1999 08 6000 [3.55472169]
1999 09 1 [18.08872238]
1999 09 300 [13.69158933]
1999 09 700 [10.19962102]
1999 09 2000 [5.86036845]
1999 09 6000 [3.5556164]
1999 10 1 [17.94602326]
1999 10 300 [13.71021624]
1999 10 700 [10.20907355]
1999 10 2000 [5.86400557]
1999 10 6000 [3.55741332]
1999 11 1 [17.88731331]
1999 11 300 [13.73501768]
1999 11 700 [10.22025845]
1999 11 2000 [5.8681964]
1999 11 6000 [3.55947554]
1999 12 1 [17.94544707]
1999 12 300 [13.75580641]
1999 12 700 [10.22877229]
1999 12 2000 [5.87141129]
1999 12 6000 [3.56106989]
2000 01 1 [18.18521664]
2000 01 300 [13.78570212]
2000 01 700 [10.24053265]
2000 01 2000 [5.87599002]
2000 01 6000 [3.56329823]
2000 02 1 [18.33436549]
2000 02 300 [13.81137278]
2000 02 700 [10.25099946]
2000 02 2000 [5.88012096]
2000 02 6000 [3.56528451]
2000 03 1 [18.36769395]
2000 03 300 [13.83518223]
2000 03 700 [10.26112075]
2000 03 2000 [5.88399287]
2000 03 6000 [3.56714952]
2000 04 1 [18.32218392]
2000 04 300 [13.8347206]
2000 04 700 [10.26102515]
2000 04 2000 [5.88379965]
2000 04 6000 [3.56705326]
2000 05 1 [18.18380726]
2000 05 300 [13.81178289]
2000 05 700 [10.25043433]
2000 05 2000 [5.87982228]
2000 05 6000 [3.56515465]
2000 06 1 [18.07829574]
2000 06 300 [13.77360862]
2000 06 700 [10.23486874]
2000 06 2000 [5.87408619]
2000 06 6000 [3.5623771]
2000 07 1 [18.15062854]
2000 07 300 [13.72645429]
2000 07 700 [10.21494621]
2000 07 2000 [5.86698757]
2000 07 6000 [3.55892422]
2000 08 1 [18.25161368]
2000 08 300 [13.70042521]
2000 08 700 [10.20507028]
2000 08 2000 [5.86375646]
2000 08 6000 [3.5573452]
2000 09 1 [18.19015026]
2000 09 300 [13.71349643]
2000 09 700 [10.21281071]
2000 09 2000 [5.86679303]
2000 09 6000 [3.55877181]
2000 10 1 [18.02774562]
2000 10 300 [13.72537964]
2000 10 700 [10.21929877]
2000 10 2000 [5.86937157]
2000 10 6000 [3.56001236]
2000 11 1 [17.99417212]
2000 11 300 [13.75293477]
2000 11 700 [10.23124191]
2000 11 2000 [5.87387996]
2000 11 6000 [3.56219583]
2000 12 1 [18.06808131]
2000 12 300 [13.77728911]
2000 12 700 [10.24242282]
2000 12 2000 [5.87854063]
2000 12 6000 [3.56445537]
2001 01 1 [18.26207225]
2001 01 300 [13.79493296]
2001 01 700 [10.25050372]
2001 01 2000 [5.88189556]
2001 01 6000 [3.56603412]
2001 02 1 [18.42791753]
2001 02 300 [13.82093392]
2001 02 700 [10.26184601]
2001 02 2000 [5.88609655]
2001 02 6000 [3.56801586]
2001 03 1 [18.52311717]
2001 03 300 [13.84808276]
2001 03 700 [10.27251867]
2001 03 2000 [5.88994506]
2001 03 6000 [3.56986201]
2001 04 1 [18.41707321]
2001 04 300 [13.86281052]
2001 04 700 [10.27727259]
2001 04 2000 [5.89156148]
2001 04 6000 [3.57063562]
2001 05 1 [18.26024962]
2001 05 300 [13.84411065]
2001 05 700 [10.26807255]
2001 05 2000 [5.88814494]
2001 05 6000 [3.56900395]
2001 06 1 [18.22989269]
2001 06 300 [13.80827495]
2001 06 700 [10.252263]
2001 06 2000 [5.88252371]
2001 06 6000 [3.56629274]
2001 07 1 [18.2831746]
2001 07 300 [13.76713396]
2001 07 700 [10.23583829]
2001 07 2000 [5.87678045]
2001 07 6000 [3.56353619]
2001 08 1 [18.32147473]
2001 08 300 [13.73899873]
2001 08 700 [10.22554467]
2001 08 2000 [5.87324872]
2001 08 6000 [3.56183712]
2001 09 1 [18.2756687]
2001 09 300 [13.74785899]
2001 09 700 [10.23054997]
2001 09 2000 [5.87528972]
2001 09 6000 [3.56281718]
2001 10 1 [18.14101656]
2001 10 300 [13.76824302]
2001 10 700 [10.23971361]
2001 10 2000 [5.87876334]
2001 10 6000 [3.5645189]
2001 11 1 [18.09894162]
2001 11 300 [13.78804939]
2001 11 700 [10.24820001]
2001 11 2000 [5.88221223]
2001 11 6000 [3.56621659]
2001 12 1 [18.16877343]
2001 12 300 [13.81198008]
2001 12 700 [10.25895904]
2001 12 2000 [5.88654357]
2001 12 6000 [3.56829955]
2002 01 1 [18.35246419]
2002 01 300 [13.83341103]
2002 01 700 [10.26811472]
2002 01 2000 [5.89032187]
2002 01 6000 [3.5700804]
2002 02 1 [18.4798283]
2002 02 300 [13.85211213]
2002 02 700 [10.27495885]
2002 02 2000 [5.89319139]
2002 02 6000 [3.57145474]
2002 03 1 [18.5531625]
2002 03 300 [13.88219016]
2002 03 700 [10.28708981]
2002 03 2000 [5.89774582]
2002 03 6000 [3.57364754]
2002 04 1 [18.45640335]
2002 04 300 [13.89250054]
2002 04 700 [10.29077437]
2002 04 2000 [5.89903137]
2002 04 6000 [3.57426075]
2002 05 1 [18.31754246]
2002 05 300 [13.86840732]
2002 05 700 [10.28018912]
2002 05 2000 [5.89505212]
2002 05 6000 [3.57238583]
2002 06 1 [18.25036532]
2002 06 300 [13.82691656]
2002 06 700 [10.26403627]
2002 06 2000 [5.88945304]
2002 06 6000 [3.56971854]
2002 07 1 [18.22819547]
2002 07 300 [13.77184884]
2002 07 700 [10.2431359]
2002 07 2000 [5.88231964]
2002 07 6000 [3.56628497]
2002 08 1 [18.288425]
2002 08 300 [13.74788162]
2002 08 700 [10.23597002]
2002 08 2000 [5.88011631]
2002 08 6000 [3.5652306]
2002 09 1 [18.23204808]
2002 09 300 [13.75259827]
2002 09 700 [10.24096961]
2002 09 2000 [5.88222708]
2002 09 6000 [3.56624064]
2002 10 1 [18.14268197]
2002 10 300 [13.77841859]
2002 10 700 [10.25431233]
2002 10 2000 [5.88720119]
2002 10 6000 [3.56860715]
2002 11 1 [18.05898594]
2002 11 300 [13.78543893]
2002 11 700 [10.25968393]
2002 11 2000 [5.88938951]
2002 11 6000 [3.56966541]
2002 12 1 [18.15292759]
2002 12 300 [13.80228638]
2002 12 700 [10.26760782]
2002 12 2000 [5.89281158]
2002 12 6000 [3.57132982]
2003 01 1 [18.3474187]
2003 01 300 [13.82261069]
2003 01 700 [10.27627926]
2003 01 2000 [5.896485]
2003 01 6000 [3.57310381]
2003 02 1 [18.49817008]
2003 02 300 [13.85195112]
2003 02 700 [10.28748785]
2003 02 2000 [5.90124251]
2003 02 6000 [3.57536972]
2003 03 1 [18.55723535]
2003 03 300 [13.88436848]
2003 03 700 [10.29994766]
2003 03 2000 [5.90602384]
2003 03 6000 [3.57768205]
2003 04 1 [18.44967762]
2003 04 300 [13.89787973]
2003 04 700 [10.30413452]
2003 04 2000 [5.90748961]
2003 04 6000 [3.57839435]
2003 05 1 [18.28772614]
2003 05 300 [13.87656927]
2003 05 700 [10.29458039]
2003 05 2000 [5.9040981]
2003 05 6000 [3.57680419]
2003 06 1 [18.24749899]
2003 06 300 [13.84607563]
2003 06 700 [10.28219001]
2003 06 2000 [5.90016773]
2003 06 6000 [3.57493715]
2003 07 1 [18.32943013]
2003 07 300 [13.79730401]
2003 07 700 [10.26465753]
2003 07 2000 [5.89440032]
2003 07 6000 [3.57214233]
2003 08 1 [18.39627321]
2003 08 300 [13.76811064]
2003 08 700 [10.25416829]
2003 08 2000 [5.89107331]
2003 08 6000 [3.57050833]
2003 09 1 [18.34235626]
2003 09 300 [13.77470508]
2003 09 700 [10.25897625]
2003 09 2000 [5.89311139]
2003 09 6000 [3.57148101]
2003 10 1 [18.20099029]
2003 10 300 [13.80063153]
2003 10 700 [10.27101426]
2003 10 2000 [5.89778682]
2003 10 6000 [3.57375423]
2003 11 1 [18.10809233]
2003 11 300 [13.82572935]
2003 11 700 [10.28277291]
2003 11 2000 [5.90248959]
2003 11 6000 [3.57605767]
2003 12 1 [18.17820804]
2003 12 300 [13.83687955]
2003 12 700 [10.28733999]
2003 12 2000 [5.90466856]
2003 12 6000 [3.57711165]
2004 01 1 [18.35279716]
2004 01 300 [13.85774782]
2004 01 700 [10.29574463]
2004 01 2000 [5.90830769]
2004 01 6000 [3.5788417]
2004 02 1 [18.53427634]
2004 02 300 [13.88942761]
2004 02 700 [10.30966245]
2004 02 2000 [5.91384237]
2004 02 6000 [3.58151334]
2004 03 1 [18.49894096]
2004 03 300 [13.91163977]
2004 03 700 [10.31867126]
2004 03 2000 [5.91755821]
2004 03 6000 [3.58332842]
2004 04 1 [18.42272695]
2004 04 300 [13.92726033]
2004 04 700 [10.32535545]
2004 04 2000 [5.92017304]
2004 04 6000 [3.58461985]
2004 05 1 [18.25054425]
2004 05 300 [13.90691457]
2004 05 700 [10.31756423]
2004 05 2000 [5.91756321]
2004 05 6000 [3.58339962]
2004 06 1 [18.18535451]
2004 06 300 [13.86571707]
2004 06 700 [10.30100561]
2004 06 2000 [5.91178817]
2004 06 6000 [3.58063708]
2004 07 1 [18.27989907]
2004 07 300 [13.82381913]
2004 07 700 [10.28545257]
2004 07 2000 [5.90660743]
2004 07 6000 [3.57814052]
2004 08 1 [18.36662865]
2004 08 300 [13.80325765]
2004 08 700 [10.27860267]
2004 08 2000 [5.90424243]
2004 08 6000 [3.57700927]
2004 09 1 [18.3141043]
2004 09 300 [13.80738834]
2004 09 700 [10.28247059]
2004 09 2000 [5.90582265]
2004 09 6000 [3.57776734]
2004 10 1 [18.16123336]
2004 10 300 [13.82294962]
2004 10 700 [10.29081512]
2004 10 2000 [5.90904906]
2004 10 6000 [3.5793409]
2004 11 1 [18.11859418]
2004 11 300 [13.84709966]
2004 11 700 [10.30145058]
2004 11 2000 [5.91298787]
2004 11 6000 [3.58129342]
2004 12 1 [18.22971242]
2004 12 300 [13.87256988]
2004 12 700 [10.31292356]
2004 12 2000 [5.91737976]
2004 12 6000 [3.58338679]
2005 01 1 [18.40649027]
2005 01 300 [13.89391415]
2005 01 700 [10.3214656]
2005 01 2000 [5.92111108]
2005 01 6000 [3.58517599]
2005 02 1 [18.5257036]
2005 02 300 [13.92187209]
2005 02 700 [10.33184656]
2005 02 2000 [5.92530077]
2005 02 6000 [3.5871829]
2005 03 1 [18.57532475]
2005 03 300 [13.95331245]
2005 03 700 [10.34423738]
2005 03 2000 [5.93019479]
2005 03 6000 [3.58951713]
2005 04 1 [18.45519478]
2005 04 300 [13.95006698]
2005 04 700 [10.34136493]
2005 04 2000 [5.92921756]
2005 04 6000 [3.58907494]
2005 05 1 [18.35154478]
2005 05 300 [13.93625869]
2005 05 700 [10.33552298]
2005 05 2000 [5.92725156]
2005 05 6000 [3.5881821]
2005 06 1 [18.28627558]
2005 06 300 [13.89663864]
2005 06 700 [10.31947543]
2005 06 2000 [5.92194749]
2005 06 6000 [3.58564938]
2005 07 1 [18.35706335]
2005 07 300 [13.84642178]
2005 07 700 [10.29996897]
2005 07 2000 [5.91517911]
2005 07 6000 [3.58237948]
2005 08 1 [18.40687848]
2005 08 300 [13.82006469]
2005 08 700 [10.29035084]
2005 08 2000 [5.91216852]
2005 08 6000 [3.58092068]
2005 09 1 [18.31924441]
2005 09 300 [13.8180758]
2005 09 700 [10.29152383]
2005 09 2000 [5.91312503]
2005 09 6000 [3.58139182]
2005 10 1 [18.15042894]
2005 10 300 [13.83630761]
2005 10 700 [10.30087361]
2005 10 2000 [5.91697389]
2005 10 6000 [3.58330293]
2005 11 1 [18.05554296]
2005 11 300 [13.85327067]
2005 11 700 [10.3092316]
2005 11 2000 [5.92045662]
2005 11 6000 [3.58500682]
2005 12 1 [18.14940554]
2005 12 300 [13.87209271]
2005 12 700 [10.31721441]
2005 12 2000 [5.9239269]
2005 12 6000 [3.58666373]
2006 01 1 [18.33504473]
2006 01 300 [13.90085242]
2006 01 700 [10.33082601]
2006 01 2000 [5.92962023]
2006 01 6000 [3.58939048]
2006 02 1 [18.494869]
2006 02 300 [13.92269383]
2006 02 700 [10.34040296]
2006 02 2000 [5.93358331]
2006 02 6000 [3.59132884]
2006 03 1 [18.50746931]
2006 03 300 [13.95008752]
2006 03 700 [10.3501325]
2006 03 2000 [5.93747043]
2006 03 6000 [3.59325359]
2006 04 1 [18.43457258]
2006 04 300 [13.96077252]
2006 04 700 [10.35428375]
2006 04 2000 [5.93894612]
2006 04 6000 [3.59401338]
2006 05 1 [18.32154537]
2006 05 300 [13.94203253]
2006 05 700 [10.34562353]
2006 05 2000 [5.93537378]
2006 05 6000 [3.59232784]
2006 06 1 [18.25356373]
2006 06 300 [13.89580118]
2006 06 700 [10.32592556]
2006 06 2000 [5.92833402]
2006 06 6000 [3.58899988]
2006 07 1 [18.28953113]
2006 07 300 [13.84220727]
2006 07 700 [10.30476131]
2006 07 2000 [5.92121474]
2006 07 6000 [3.58558403]
2006 08 1 [18.38159981]
2006 08 300 [13.81636598]
2006 08 700 [10.29597727]
2006 08 2000 [5.91844344]
2006 08 6000 [3.58423118]
2006 09 1 [18.33531189]
2006 09 300 [13.82479108]
2006 09 700 [10.30168542]
2006 09 2000 [5.92085424]
2006 09 6000 [3.58540393]
2006 10 1 [18.16341951]
2006 10 300 [13.83929675]
2006 10 700 [10.30915666]
2006 10 2000 [5.92386838]
2006 10 6000 [3.5868832]
2006 11 1 [18.1345064]
2006 11 300 [13.86655319]
2006 11 700 [10.32145591]
2006 11 2000 [5.92849692]
2006 11 6000 [3.58913658]
2006 12 1 [18.22959876]
2006 12 300 [13.88216272]
2006 12 700 [10.32786988]
2006 12 2000 [5.93106878]
2006 12 6000 [3.59041613]
2007 01 1 [18.37954184]
2007 01 300 [13.89444094]
2007 01 700 [10.33261901]
2007 01 2000 [5.93323942]
2007 01 6000 [3.59147967]
2007 02 1 [18.52076698]
2007 02 300 [13.92442915]
2007 02 700 [10.3443104]
2007 02 2000 [5.93770182]
2007 02 6000 [3.59364372]
2007 03 1 [18.47970857]
2007 03 300 [13.94742382]
2007 03 700 [10.35257762]
2007 03 2000 [5.94095304]
2007 03 6000 [3.59525327]
2007 04 1 [18.38895842]
2007 04 300 [13.95106897]
2007 04 700 [10.3531647]
2007 04 2000 [5.94125744]
2007 04 6000 [3.59545174]
2007 05 1 [18.24706156]
2007 05 300 [13.93023556]
2007 05 700 [10.34402816]
2007 05 2000 [5.93820954]
2007 05 6000 [3.594048]
2007 06 1 [18.20729174]
2007 06 300 [13.89058505]
2007 06 700 [10.32661178]
2007 06 2000 [5.93216484]
2007 06 6000 [3.59116667]
2007 07 1 [18.24258774]
2007 07 300 [13.83954003]
2007 07 700 [10.30577283]
2007 07 2000 [5.92490173]
2007 07 6000 [3.58762917]
2007 08 1 [18.26991428]
2007 08 300 [13.81013873]
2007 08 700 [10.29571411]
2007 08 2000 [5.921683]
2007 08 6000 [3.58604492]
2007 09 1 [18.20474896]
2007 09 300 [13.81611221]
2007 09 700 [10.30008699]
2007 09 2000 [5.92358844]
2007 09 6000 [3.58696567]
2007 10 1 [18.00996645]
2007 10 300 [13.83070695]
2007 10 700 [10.30787089]
2007 10 2000 [5.92696773]
2007 10 6000 [3.5886016]
2007 11 1 [17.90081865]
2007 11 300 [13.854222]
2007 11 700 [10.31930399]
2007 11 2000 [5.93164501]
2007 11 6000 [3.59087086]
2007 12 1 [17.94368307]
2007 12 300 [13.87588852]
2007 12 700 [10.32946477]
2007 12 2000 [5.93596618]
2007 12 6000 [3.59302172]
2008 01 1 [18.15742088]
2008 01 300 [13.89258019]
2008 01 700 [10.33583974]
2008 01 2000 [5.9382059]
2008 01 6000 [3.59409348]
2008 02 1 [18.31871519]
2008 02 300 [13.92157876]
2008 02 700 [10.34722806]
2008 02 2000 [5.94234084]
2008 02 6000 [3.5960956]
2008 03 1 [18.38107533]
2008 03 300 [13.94866716]
2008 03 700 [10.35814016]
2008 03 2000 [5.94638556]
2008 03 6000 [3.59808124]
2008 04 1 [18.29940107]
2008 04 300 [13.94978561]
2008 04 700 [10.35796223]
2008 04 2000 [5.94672456]
2008 04 6000 [3.59826867]
2008 05 1 [18.19572228]
2008 05 300 [13.93251714]
2008 05 700 [10.34934792]
2008 05 2000 [5.94336914]
2008 05 6000 [3.59665137]
2008 06 1 [18.14196925]
2008 06 300 [13.88833181]
2008 06 700 [10.3306866]
2008 06 2000 [5.93690332]
2008 06 6000 [3.59356254]
2008 07 1 [18.26809067]
2008 07 300 [13.84673245]
2008 07 700 [10.31465501]
2008 07 2000 [5.93133868]
2008 07 6000 [3.59090135]
2008 08 1 [18.3518097]
2008 08 300 [13.82788563]
2008 08 700 [10.30853133]
2008 08 2000 [5.92927889]
2008 08 6000 [3.58991559]
2008 09 1 [18.29010955]
2008 09 300 [13.8334999]
2008 09 700 [10.31294719]
2008 09 2000 [5.93119163]
2008 09 6000 [3.59082354]
2008 10 1 [18.12381156]
2008 10 300 [13.85005365]
2008 10 700 [10.32238623]
2008 10 2000 [5.93527166]
2008 10 6000 [3.59279915]
2008 11 1 [18.01958478]
2008 11 300 [13.8659468]
2008 11 700 [10.33078967]
2008 11 2000 [5.93865019]
2008 11 6000 [3.59442523]
2008 12 1 [18.10880487]
2008 12 300 [13.88838987]
2008 12 700 [10.34016777]
2008 12 2000 [5.94217391]
2008 12 6000 [3.5961568]
2009 01 1 [18.31652055]
2009 01 300 [13.92036407]
2009 01 700 [10.35379271]
2009 01 2000 [5.94765466]
2009 01 6000 [3.59880005]
2009 02 1 [18.44451783]
2009 02 300 [13.94269146]
2009 02 700 [10.36299661]
2009 02 2000 [5.95136768]
2009 02 6000 [3.6005634]
2009 03 1 [18.48471881]
2009 03 300 [13.97160087]
2009 03 700 [10.37423755]
2009 03 2000 [5.95528582]
2009 03 6000 [3.60244961]
2009 04 1 [18.41451335]
2009 04 300 [13.97958243]
2009 04 700 [10.37674159]
2009 04 2000 [5.95619938]
2009 04 6000 [3.60291838]
2009 05 1 [18.3389762]
2009 05 300 [13.96318722]
2009 05 700 [10.36847053]
2009 05 2000 [5.95313508]
2009 05 6000 [3.60146673]
2009 06 1 [18.35195028]
2009 06 300 [13.93029397]
2009 06 700 [10.35446071]
2009 06 2000 [5.9478485]
2009 06 6000 [3.59890425]
2009 07 1 [18.39571017]
2009 07 300 [13.88136597]
2009 07 700 [10.33536297]
2009 07 2000 [5.94083961]
2009 07 6000 [3.59548808]
2009 08 1 [18.45646982]
2009 08 300 [13.85353503]
2009 08 700 [10.3252195]
2009 08 2000 [5.93745641]
2009 08 6000 [3.59383099]
2009 09 1 [18.34212976]
2009 09 300 [13.85896404]
2009 09 700 [10.32905575]
2009 09 2000 [5.9390704]
2009 09 6000 [3.59460554]
2009 10 1 [18.22653441]
2009 10 300 [13.88119642]
2009 10 700 [10.33964136]
2009 10 2000 [5.94320735]
2009 10 6000 [3.5966342]
2009 11 1 [18.16206008]
2009 11 300 [13.89917664]
2009 11 700 [10.34738423]
2009 11 2000 [5.94659967]
2009 11 6000 [3.59826951]
2009 12 1 [18.29810414]
2009 12 300 [13.91506476]
2009 12 700 [10.35320606]
2009 12 2000 [5.94906596]
2009 12 6000 [3.59944564]
2010 01 1 [18.46983016]
2010 01 300 [13.93481481]
2010 01 700 [10.36105981]
2010 01 2000 [5.95241875]
2010 01 6000 [3.60106076]
2010 02 1 [18.61720343]
2010 02 300 [13.96547045]
2010 02 700 [10.37237049]
2010 02 2000 [5.95708033]
2010 02 6000 [3.60329507]
2010 03 1 [18.62982433]
2010 03 300 [13.98440087]
2010 03 700 [10.3798219]
2010 03 2000 [5.96005436]
2010 03 6000 [3.60473496]
2010 04 1 [18.54034334]
2010 04 300 [13.99262171]
2010 04 700 [10.38304373]
2010 04 2000 [5.96126089]
2010 04 6000 [3.60526533]
2010 05 1 [18.38532515]
2010 05 300 [13.96931429]
2010 05 700 [10.37308265]
2010 05 2000 [5.95744645]
2010 05 6000 [3.6033997]
2010 06 1 [18.299236]
2010 06 300 [13.91779094]
2010 06 700 [10.35125052]
2010 06 2000 [5.94963508]
2010 06 6000 [3.59970713]
2010 07 1 [18.33173572]
2010 07 300 [13.86484222]
2010 07 700 [10.33125518]
2010 07 2000 [5.94266114]
2010 07 6000 [3.59638388]
2010 08 1 [18.3876457]
2010 08 300 [13.83632569]
2010 08 700 [10.32211162]
2010 08 2000 [5.93954839]
2010 08 6000 [3.59491911]
2010 09 1 [18.29361085]
2010 09 300 [13.84218463]
2010 09 700 [10.3269043]
2010 09 2000 [5.94122483]
2010 09 6000 [3.5957158]
2010 10 1 [18.08600013]
2010 10 300 [13.85537503]
2010 10 700 [10.33294714]
2010 10 2000 [5.94393456]
2010 10 6000 [3.59703584]
2010 11 1 [17.98274179]
2010 11 300 [13.87732754]
2010 11 700 [10.34222897]
2010 11 2000 [5.94734598]
2010 11 6000 [3.59868062]
2010 12 1 [18.05786876]
2010 12 300 [13.90030821]
2010 12 700 [10.35092495]
2010 12 2000 [5.95054254]
2010 12 6000 [3.60023177]
2011 01 1 [18.24644823]
2011 01 300 [13.92849143]
2011 01 700 [10.36260038]
2011 01 2000 [5.95504616]
2011 01 6000 [3.60239679]
2011 02 1 [18.42702323]
2011 02 300 [13.95906683]
2011 02 700 [10.37507806]
2011 02 2000 [5.96005721]
2011 02 6000 [3.60482121]
2011 03 1 [18.45729364]
2011 03 300 [13.98043071]
2011 03 700 [10.38206]
2011 03 2000 [5.96243603]
2011 03 6000 [3.60597687]
2011 04 1 [18.37557769]
2011 04 300 [13.98335113]
2011 04 700 [10.38251919]
2011 04 2000 [5.96284051]
2011 04 6000 [3.60617717]
2011 05 1 [18.27145173]
2011 05 300 [13.95861492]
2011 05 700 [10.37149309]
2011 05 2000 [5.95859439]
2011 05 6000 [3.60415376]
2011 06 1 [18.20717303]
2011 06 300 [13.91034543]
2011 06 700 [10.35131156]
2011 06 2000 [5.95085426]
2011 06 6000 [3.60040029]
2011 07 1 [18.26645874]
2011 07 300 [13.8651886]
2011 07 700 [10.33318888]
2011 07 2000 [5.94424844]
2011 07 6000 [3.59718242]
2011 08 1 [18.3349755]
2011 08 300 [13.84138519]
2011 08 700 [10.32560581]
2011 08 2000 [5.94189248]
2011 08 6000 [3.59599777]
2011 09 1 [18.22628803]
2011 09 300 [13.84617807]
2011 09 700 [10.33084448]
2011 09 2000 [5.94428149]
2011 09 6000 [3.59712603]
2011 10 1 [18.05339239]
2011 10 300 [13.86532532]
2011 10 700 [10.34156169]
2011 10 2000 [5.94844549]
2011 10 6000 [3.59913671]
2011 11 1 [17.97317212]
2011 11 300 [13.88817865]
2011 11 700 [10.35096005]
2011 11 2000 [5.95202005]
2011 11 6000 [3.60088481]
2011 12 1 [18.00200407]
2011 12 300 [13.90246724]
2011 12 700 [10.35681696]
2011 12 2000 [5.95441503]
2011 12 6000 [3.60204887]
2012 01 1 [18.20439143]
2012 01 300 [13.92876693]
2012 01 700 [10.36785174]
2012 01 2000 [5.95887964]
2012 01 6000 [3.60420947]
2012 02 1 [18.39319456]
2012 02 300 [13.96423176]
2012 02 700 [10.38225901]
2012 02 2000 [5.96436304]
2012 02 6000 [3.60687187]
2012 03 1 [18.41213096]
2012 03 300 [13.98124248]
2012 03 700 [10.38827435]
2012 03 2000 [5.96670094]
2012 03 6000 [3.60801484]
2012 04 1 [18.36850136]
2012 04 300 [13.99182228]
2012 04 700 [10.39117128]
2012 04 2000 [5.9678804]
2012 04 6000 [3.60864334]
2012 05 1 [18.31521613]
2012 05 300 [13.98076145]
2012 05 700 [10.3849549]
2012 05 2000 [5.96540766]
2012 05 6000 [3.6074856]
2012 06 1 [18.24832668]
2012 06 300 [13.94032149]
2012 06 700 [10.36743788]
2012 06 2000 [5.95911732]
2012 06 6000 [3.60447407]
2012 07 1 [18.35334319]
2012 07 300 [13.89216184]
2012 07 700 [10.34752341]
2012 07 2000 [5.95207752]
2012 07 6000 [3.60108034]
2012 08 1 [18.44163757]
2012 08 300 [13.8708448]
2012 08 700 [10.33964215]
2012 08 2000 [5.94938118]
2012 08 6000 [3.59978729]
2012 09 1 [18.35816752]
2012 09 300 [13.87159546]
2012 09 700 [10.34197077]
2012 09 2000 [5.95046102]
2012 09 6000 [3.6003186]
2012 10 1 [18.20065188]
2012 10 300 [13.89434421]
2012 10 700 [10.35297349]
2012 10 2000 [5.95484795]
2012 10 6000 [3.60246387]
2012 11 1 [18.13661986]
2012 11 300 [13.91364576]
2012 11 700 [10.36134472]
2012 11 2000 [5.95809109]
2012 11 6000 [3.60406381]
2012 12 1 [18.21664258]
2012 12 300 [13.94032328]
2012 12 700 [10.37229968]
2012 12 2000 [5.96238403]
2012 12 6000 [3.6061557]
2013 01 1 [18.35106591]
2013 01 300 [13.95670384]
2013 01 700 [10.37854587]
2013 01 2000 [5.9653383]
2013 01 6000 [3.60758486]
2013 02 1 [18.51130193]
2013 02 300 [13.97575959]
2013 02 700 [10.3851006]
2013 02 2000 [5.9682232]
2013 02 6000 [3.60900979]
2013 03 1 [18.53001366]
2013 03 300 [13.99316522]
2013 03 700 [10.39064243]
2013 03 2000 [5.97027082]
2013 03 6000 [3.61000664]
2013 04 1 [18.43402921]
2013 04 300 [14.00306174]
2013 04 700 [10.39302631]
2013 04 2000 [5.9711148]
2013 04 6000 [3.61042892]
2013 05 1 [18.293834]
2013 05 300 [13.98841879]
2013 05 700 [10.38619135]
2013 05 2000 [5.96849046]
2013 05 6000 [3.60919159]
2013 06 1 [18.21971613]
2013 06 300 [13.9406271]
2013 06 700 [10.3659289]
2013 06 2000 [5.96143745]
2013 06 6000 [3.60579014]
2013 07 1 [18.35841237]
2013 07 300 [13.89162857]
2013 07 700 [10.3456117]
2013 07 2000 [5.95433207]
2013 07 6000 [3.60236622]
2013 08 1 [18.44178689]
2013 08 300 [13.87226083]
2013 08 700 [10.33898486]
2013 08 2000 [5.95222786]
2013 08 6000 [3.6013356]
2013 09 1 [18.3526507]
2013 09 300 [13.88085089]
2013 09 700 [10.34458756]
2013 09 2000 [5.95423953]
2013 09 6000 [3.6022693]
2013 10 1 [18.1661842]
2013 10 300 [13.89620968]
2013 10 700 [10.35215039]
2013 10 2000 [5.95723645]
2013 10 6000 [3.60373026]
2013 11 1 [18.0983994]
2013 11 300 [13.91519901]
2013 11 700 [10.36184089]
2013 11 2000 [5.96111094]
2013 11 6000 [3.6056612]
2013 12 1 [18.20235903]
2013 12 300 [13.9368721]
2013 12 700 [10.37083652]
2013 12 2000 [5.96427494]
2013 12 6000 [3.6072344]
2014 01 1 [18.37619521]
2014 01 300 [13.9567734]
2014 01 700 [10.37820934]
2014 01 2000 [5.96738071]
2014 01 6000 [3.60874385]
2014 02 1 [18.51347613]
2014 02 300 [13.9887447]
2014 02 700 [10.3899491]
2014 02 2000 [5.9718715]
2014 02 6000 [3.61092227]
2014 03 1 [18.53825378]
2014 03 300 [14.00837164]
2014 03 700 [10.39740429]
2014 03 2000 [5.97462495]
2014 03 6000 [3.61227934]
2014 04 1 [18.48765172]
2014 04 300 [14.01495649]
2014 04 700 [10.40042861]
2014 04 2000 [5.9755377]
2014 04 6000 [3.612768]
2014 05 1 [18.41488761]
2014 05 300 [13.99564637]
2014 05 700 [10.39212283]
2014 05 2000 [5.97213418]
2014 05 6000 [3.61113018]
2014 06 1 [18.38628661]
2014 06 300 [13.94650865]
2014 06 700 [10.37184732]
2014 06 2000 [5.96479607]
2014 06 6000 [3.60756986]
2014 07 1 [18.42909408]
2014 07 300 [13.89224589]
2014 07 700 [10.35029716]
2014 07 2000 [5.95717402]
2014 07 6000 [3.60391325]
2014 08 1 [18.52019201]
2014 08 300 [13.87028209]
2014 08 700 [10.34342865]
2014 08 2000 [5.95505107]
2014 08 6000 [3.60288808]
2014 09 1 [18.44304493]
2014 09 300 [13.87774671]
2014 09 700 [10.34864751]
2014 09 2000 [5.95749466]
2014 09 6000 [3.60407564]
2014 10 1 [18.25483965]
2014 10 300 [13.89609374]
2014 10 700 [10.3583722]
2014 10 2000 [5.9613422]
2014 10 6000 [3.60597868]
2014 11 1 [18.15393816]
2014 11 300 [13.91991074]
2014 11 700 [10.36911598]
2014 11 2000 [5.96564721]
2014 11 6000 [3.60812754]
2014 12 1 [18.23135944]
2014 12 300 [13.93493939]
2014 12 700 [10.37500042]
2014 12 2000 [5.96840612]
2014 12 6000 [3.6095154]
2015 01 1 [18.40269276]
2015 01 300 [13.96504201]
2015 01 700 [10.38687964]
2015 01 2000 [5.973428]
2015 01 6000 [3.61198724]
2015 02 1 [18.55317411]
2015 02 300 [14.00119816]
2015 02 700 [10.40005377]
2015 02 2000 [5.97829959]
2015 02 6000 [3.61435343]
2015 03 1 [18.58741676]
2015 03 300 [14.02239836]
2015 03 700 [10.40653541]
2015 03 2000 [5.98012836]
2015 03 6000 [3.61522454]
2015 04 1 [18.55142653]
2015 04 300 [14.03100982]
2015 04 700 [10.41025444]
2015 04 2000 [5.9811358]
2015 04 6000 [3.61571583]
2015 05 1 [18.4596394]
2015 05 300 [13.99973461]
2015 05 700 [10.39802503]
2015 05 2000 [5.97643913]
2015 05 6000 [3.61344851]
2015 06 1 [18.4147964]
2015 06 300 [13.95159966]
2015 06 700 [10.37942669]
2015 06 2000 [5.96972319]
2015 06 6000 [3.61022047]
2015 07 1 [18.49897375]
2015 07 300 [13.91118514]
2015 07 700 [10.36311102]
2015 07 2000 [5.96412961]
2015 07 6000 [3.60754086]
2015 08 1 [18.60666547]
2015 08 300 [13.88743073]
2015 08 700 [10.35453051]
2015 08 2000 [5.96093698]
2015 08 6000 [3.60599777]
2015 09 1 [18.55608936]
2015 09 300 [13.89843349]
2015 09 700 [10.360418]
2015 09 2000 [5.96288725]
2015 09 6000 [3.60695195]
2015 10 1 [18.40905354]
2015 10 300 [13.91314327]
2015 10 700 [10.36612766]
2015 10 2000 [5.96484594]
2015 10 6000 [3.60792924]
2015 11 1 [18.35039446]
2015 11 300 [13.9329746]
2015 11 700 [10.37504116]
2015 11 2000 [5.96819659]
2015 11 6000 [3.6095889]
2015 12 1 [18.46247908]
2015 12 300 [13.95101026]
2015 12 700 [10.38123135]
2015 12 2000 [5.9704364]
2015 12 6000 [3.61066787]
2016 01 1 [18.66936124]
2016 01 300 [13.97645503]
2016 01 700 [10.39071187]
2016 01 2000 [5.97409538]
2016 01 6000 [3.61242634]
2016 02 1 [18.75438077]
2016 02 300 [13.99596691]
2016 02 700 [10.39627637]
2016 02 2000 [5.97646416]
2016 02 6000 [3.61356989]
2016 03 1 [18.7860852]
2016 03 300 [14.01854351]
2016 03 700 [10.4041556]
2016 03 2000 [5.97960161]
2016 03 6000 [3.61508621]
2016 04 1 [18.68012638]
2016 04 300 [14.03145147]
2016 04 700 [10.40912146]
2016 04 2000 [5.98143175]
2016 04 6000 [3.61597256]
2016 05 1 [18.55283894]
2016 05 300 [14.01648218]
2016 05 700 [10.40364016]
2016 05 2000 [5.97936603]
2016 05 6000 [3.61499325]
2016 06 1 [18.51521012]
2016 06 300 [13.97695474]
2016 06 700 [10.38708447]
2016 06 2000 [5.97314399]
2016 06 6000 [3.61201484]
2016 07 1 [18.58092272]
2016 07 300 [13.9336483]
2016 07 700 [10.36969338]
2016 07 2000 [5.96677241]
2016 07 6000 [3.60895844]
2016 08 1 [18.61622849]
2016 08 300 [13.91059763]
2016 08 700 [10.36161263]
2016 08 2000 [5.96367047]
2016 08 6000 [3.60743978]
2016 09 1 [18.48795468]
2016 09 300 [13.91323619]
2016 09 700 [10.36454131]
2016 09 2000 [5.96465151]
2016 09 6000 [3.6079194]
2016 10 1 [18.30172649]
2016 10 300 [13.92965789]
2016 10 700 [10.37352702]
2016 10 2000 [5.96778642]
2016 10 6000 [3.60941738]
2016 11 1 [18.18704487]
2016 11 300 [13.94920783]
2016 11 700 [10.38280103]
2016 11 2000 [5.9710346]
2016 11 6000 [3.61096622]
2016 12 1 [18.29851625]
2016 12 300 [13.98260191]
2016 12 700 [10.39771773]
2016 12 2000 [5.97601192]
2016 12 6000 [3.61334679]
2017 01 1 [18.53772526]
2017 01 300 [14.0102036]
2017 01 700 [10.40917879]
2017 01 2000 [5.97995838]
2017 01 6000 [3.61522765]
2017 02 1 [18.72586335]
2017 02 300 [14.03993069]
2017 02 700 [10.42185159]
2017 02 2000 [5.9842532]
2017 02 6000 [3.61725844]
2017 03 1 [18.7421792]
2017 03 300 [14.06733362]
2017 03 700 [10.43314457]
2017 03 2000 [5.98816666]
2017 03 6000 [3.61912027]
2017 04 1 [18.64557374]
2017 04 300 [14.0725938]
2017 04 700 [10.43442172]
2017 04 2000 [5.988435]
2017 04 6000 [3.61926352]
2017 05 1 [18.47674157]
2017 05 300 [14.05122532]
2017 05 700 [10.42433145]
2017 05 2000 [5.98446938]
2017 05 6000 [3.61740956]
2017 06 1 [18.41692815]
2017 06 300 [14.0076505]
2017 06 700 [10.40639125]
2017 06 2000 [5.97779282]
2017 06 6000 [3.61424775]
2017 07 1 [18.52206629]
2017 07 300 [13.9635596]
2017 07 700 [10.38932252]
2017 07 2000 [5.97179605]
2017 07 6000 [3.61140162]
2017 08 1 [18.58437127]
2017 08 300 [13.94118537]
2017 08 700 [10.38198701]
2017 08 2000 [5.96928506]
2017 08 6000 [3.61017486]
2017 09 1 [18.46660714]
2017 09 300 [13.94822134]
2017 09 700 [10.38645086]
2017 09 2000 [5.9707453]
2017 09 6000 [3.61086755]
2017 10 1 [18.28716818]
2017 10 300 [13.96743864]
2017 10 700 [10.39617495]
2017 10 2000 [5.97442653]
2017 10 6000 [3.61266897]
2017 11 1 [18.2004322]
2017 11 300 [13.99367653]
2017 11 700 [10.40743592]
2017 11 2000 [5.97861328]
2017 11 6000 [3.61467624]
2017 12 1 [18.23137178]
2017 12 300 [14.01282224]
2017 12 700 [10.41577973]
2017 12 2000 [5.98171956]
2017 12 6000 [3.61619113]
2018 01 1 [18.42984507]
2018 01 300 [14.04043223]
2018 01 700 [10.42751036]
2018 01 2000 [5.9863288]
2018 01 6000 [3.61844064]
2018 02 1 [18.56732135]
2018 02 300 [14.06040742]
2018 02 700 [10.43403884]
2018 02 2000 [5.98891369]
2018 02 6000 [3.61970821]
2018 03 1 [18.62908212]
2018 03 300 [14.09261492]
2018 03 700 [10.44691808]
2018 03 2000 [5.99315085]
2018 03 6000 [3.62174231]
2018 04 1 [18.54319225]
2018 04 300 [14.10212843]
2018 04 700 [10.45059733]
2018 04 2000 [5.99461542]
2018 04 6000 [3.62246471]
2018 05 1 [18.44571778]
2018 05 300 [14.0760176]
2018 05 700 [10.44041953]
2018 05 2000 [5.99108934]
2018 05 6000 [3.62080585]
2018 06 1 [18.36379884]
2018 06 300 [14.03401897]
2018 06 700 [10.42239965]
2018 06 2000 [5.98480474]
2018 06 6000 [3.61783024]
2018 07 1 [18.39519593]
2018 07 300 [13.98902735]
2018 07 700 [10.40488454]
2018 07 2000 [5.97987147]
2018 07 6000 [3.61552847]
2018 08 1 [18.48227914]
2018 08 300 [13.96557391]
2018 08 700 [10.39715097]
2018 08 2000 [5.9779292]
2018 08 6000 [3.61472245]
2018 09 1 [18.45266276]
2018 09 300 [13.96954082]
2018 09 700 [10.40092694]
2018 09 2000 [5.97976058]
2018 09 6000 [3.61576837]
2018 10 1 [18.34864749]
2018 10 300 [13.98780485]
2018 10 700 [10.40953968]
2018 10 2000 [5.98308243]
2018 10 6000 [3.6175107]
2018 11 1 [18.27477107]
2018 11 300 [14.00221625]
2018 11 700 [10.41678001]
2018 11 2000 [5.98641391]
2018 11 6000 [3.61925266]
2018 12 1 [18.34345694]
2018 12 300 [14.01936161]
2018 12 700 [10.42532684]
2018 12 2000 [5.99011682]
2018 12 6000 [3.6211334]
cdo mergetime: Processed 480 values from 480 variables over 480 timesteps [16.64s 324MB]
cdo mergetime: Processed 480 values from 480 variables over 480 timesteps [16.96s 325MB]
cdo mergetime: Processed 480 values from 480 variables over 480 timesteps [17.54s 325MB]
cdo mergetime: Processed 480 values from 480 variables over 480 timesteps [15.75s 325MB]
cdo mergetime: Processed 480 values from 480 variables over 480 timesteps [14.76s 327MB]
